
> @ecommerce/admin@0.1.0 build /home/fouad/Desktop/vs store/apps/admin
> next build

   ▲ Next.js 14.1.4

   Creating an optimized production build ...
request to https://fonts.gstatic.com/s/inter/v20/UcC73FwrK3iLTeHuS_nVMrMxCp50SjIa2JL7W0Q5n-wU.woff2 failed, reason: 

Retrying 1/3...
request to https://fonts.gstatic.com/s/inter/v20/UcC73FwrK3iLTeHuS_nVMrMxCp50SjIa2ZL7W0Q5n-wU.woff2 failed, reason: 

Retrying 1/3...
request to https://fonts.gstatic.com/s/inter/v20/UcC73FwrK3iLTeHuS_nVMrMxCp50SjIa1pL7W0Q5n-wU.woff2 failed, reason: 

Retrying 1/3...
request to https://fonts.gstatic.com/s/inter/v20/UcC73FwrK3iLTeHuS_nVMrMxCp50SjIa0ZL7W0Q5n-wU.woff2 failed, reason: 

Retrying 1/3...
request to https://fonts.gstatic.com/s/inter/v20/UcC73FwrK3iLTeHuS_nVMrMxCp50SjIa2pL7W0Q5n-wU.woff2 failed, reason: 

Retrying 1/3...
request to https://fonts.gstatic.com/s/inter/v20/UcC73FwrK3iLTeHuS_nVMrMxCp50SjIa25L7W0Q5n-wU.woff2 failed, reason: 

Retrying 1/3...
request to https://fonts.gstatic.com/s/inter/v20/UcC73FwrK3iLTeHuS_nVMrMxCp50SjIa1ZL7W0Q5nw.woff2 failed, reason: 

Retrying 1/3...
 ✓ Compiled successfully
   Linting and checking validity of types ...
   Collecting page data ...
   Generating static pages (0/4) ...
   Generating static pages (1/4) 
   Generating static pages (2/4) 
   Generating static pages (3/4) 
 ✓ Generating static pages (4/4) 
   Finalizing page optimization ...
   Collecting build traces ...

Route (app)                              Size     First Load JS
┌ ○ /                                    138 B          84.4 kB
└ ○ /_not-found                          883 B          85.2 kB
+ First Load JS shared by all            84.3 kB
  ├ chunks/8a1b25eb-cf67b8703a48defd.js  53.4 kB
  ├ chunks/952-31200f4244874d05.js       29 kB
  └ other shared chunks (total)          1.87 kB


○  (Static)  prerendered as static content

